#
# A fatal error has been detected by the Java Runtime Environment:
#
#  EXCEPTION_ACCESS_VIOLATION (0xc0000005) at pc=0x00000214c4cf1066, pid=18400, tid=0x0000000000004d50
#
# JRE version: OpenJDK Runtime Environment (8.0_362-b09) (build 1.8.0_362-b09)
# Java VM: OpenJDK 64-Bit Server VM (25.362-b09 mixed mode windows-amd64 compressed oops)
# Problematic frame:
# C  [OpenAL64.dll+0x11066]
#
# Failed to write core dump. Minidumps are not enabled by default on client versions of Windows
#
# If you would like to submit a bug report, please visit:
#   https://github.com/adoptium/adoptium-support/issues
# The crash happened outside the Java Virtual Machine in native code.
# See problematic frame for where to report the bug.
#

---------------  T H R E A D  ---------------

Current thread (0x00000214a3837800):  JavaThread "main" [_thread_in_native, id=19792, stack(0x0000005c9f700000,0x0000005c9f800000)]

siginfo: ExceptionCode=0xc0000005, reading address 0x00000214c151f004

Registers:
RAX=0x0000000000000004, RBX=0x00000214c5130090, RCX=0x00000214c151f008, RDX=0x00000214c151f004
RSP=0x0000005c9f7fcf00, RBP=0x00000000000000ff, RSI=0x00000214c151c7cc, RDI=0x0000000000000000
R8 =0x0000000000000a0e, R9 =0x00000214c151c7cc, R10=0x00000214a5209622, R11=0x000000006dbc8c80
R12=0x0000000000000001, R13=0x00000214c4b821f8, R14=0x0000005c9f7fd0a0, R15=0x00000214a3837800
RIP=0x00000214c4cf1066, EFLAGS=0x0000000000010202

Top of Stack: (sp=0x0000005c9f7fcf00)
0x0000005c9f7fcf00:   0000000000000000 00000214a3837800
0x0000005c9f7fcf10:   0000005c9f7fd0a0 00000214c4b821f8
0x0000005c9f7fcf20:   00000214c4b821f8 0000000000000000
0x0000005c9f7fcf30:   00000214a3837800 0000000000000000
0x0000005c9f7fcf40:   0000005c9f7fd068 000000006da5f1eb
0x0000005c9f7fcf50:   0000005c9f7fcf80 00000214a524a2d3
0x0000005c9f7fcf60:   00000214a3804ea0 00000214a3838400
0x0000005c9f7fcf70:   00000214a3837800 0000005c9f7fd0a0
0x0000005c9f7fcf80:   00000214c4b821f8 0000000000000000
0x0000005c9f7fcf90:   00000214c151c7cc 0000000000000248
0x0000005c9f7fcfa0:   0000005c9f7fd068 00000214c4cf248f
0x0000005c9f7fcfb0:   00000214c5130090 00000214c5130090
0x0000005c9f7fcfc0:   000002140000ac44 0000021400000004
0x0000005c9f7fcfd0:   00000214a51f7bd0 00000214a520964e
0x0000005c9f7fcfe0:   00000214c4b821f8 0000000000000248
0x0000005c9f7fcff0:   00000214a51f7bd0 00000214a520935b 

Instructions: (pc=0x00000214c4cf1066)
0x00000214c4cf1046:   41 2b ec 81 3a 03 00 02 00 75 09 8b 01 89 84 24
0x00000214c4cf1056:   c8 00 00 00 49 83 c0 02 48 83 c1 08 4a 8d 14 86
0x00000214c4cf1066:   39 3a 75 af 4c 8d 84 24 c0 00 00 00 48 8d 15 d7
0x00000214c4cf1076:   2b 03 00 33 c9 e8 58 5f 00 00 b8 40 1f 00 00 4c 


Register to memory mapping:

RAX=0x0000000000000004 is an unknown value
RBX=0x00000214c5130090 is an unknown value
RCX=0x00000214c151f008 is an unknown value
RDX=0x00000214c151f004 is an unknown value
RSP=0x0000005c9f7fcf00 is pointing into the stack for thread: 0x00000214a3837800
RBP=0x00000000000000ff is an unknown value
RSI=0x00000214c151c7cc is an unknown value
RDI=0x0000000000000000 is an unknown value
R8 =0x0000000000000a0e is an unknown value
R9 =0x00000214c151c7cc is an unknown value
R10=0x00000214a5209622 is at code_begin+962 in an Interpreter codelet
method entry point (kind = native)  [0x00000214a5209260, 0x00000214a5209d00]  2720 bytes
R11=0x000000006dbc8c80 is an unknown value
R12=0x0000000000000001 is an unknown value
R13={method} {0x00000214c4b82200} 'nalcCreateContext' '(JJ)J' in 'org/lwjgl/openal/ALC10'
R14=0x0000005c9f7fd0a0 is pointing into the stack for thread: 0x00000214a3837800
R15=0x00000214a3837800 is a thread


Stack: [0x0000005c9f700000,0x0000005c9f800000],  sp=0x0000005c9f7fcf00,  free space=1011k
Native frames: (J=compiled Java code, j=interpreted, Vv=VM code, C=native code)
C  [OpenAL64.dll+0x11066]
C  [OpenAL64.dll+0x1248f]
C  0x00000214a520964e

Java frames: (J=compiled Java code, j=interpreted, Vv=VM code)
j  org.lwjgl.openal.ALC10.nalcCreateContext(JJ)J+0
j  org.lwjgl.openal.ALC10.alcCreateContext(Lorg/lwjgl/openal/ALCdevice;Ljava/nio/IntBuffer;)Lorg/lwjgl/openal/ALCcontext;+8
j  org.lwjgl.openal.AL.init(Ljava/lang/String;IIZZ)V+69
j  org.lwjgl.openal.AL.create(Ljava/lang/String;IIZZ)V+246
j  org.lwjgl.openal.AL.create(Ljava/lang/String;IIZ)V+5
j  org.lwjgl.openal.AL.create()V+6
j  com.badlogic.gdx.backends.lwjgl.audio.OpenALAudio.<init>(III)V+114
j  com.badlogic.gdx.backends.lwjgl.LwjglApplication.<init>(Lcom/badlogic/gdx/ApplicationListener;Lcom/badlogic/gdx/backends/lwjgl/LwjglApplicationConfiguration;Lcom/badlogic/gdx/backends/lwjgl/LwjglGraphics;)V+120
j  com.badlogic.gdx.backends.lwjgl.LwjglApplication.<init>(Lcom/badlogic/gdx/ApplicationListener;Lcom/badlogic/gdx/backends/lwjgl/LwjglApplicationConfiguration;)V+11
j  org.uqbar.project.wollok.game.gameboard.WollokGDXApplication.<init>(Lorg/uqbar/project/wollok/game/gameboard/Gameboard;Ljava/lang/Boolean;)V+17
j  org.uqbar.project.wollok.game.helpers.Application.start(Lorg/uqbar/project/wollok/game/gameboard/Gameboard;Ljava/lang/Boolean;)V+5
j  org.uqbar.project.wollok.game.gameboard.Gameboard.start(Ljava/lang/Boolean;)V+13
j  wollok.game.GameObject.doStart(Ljava/lang/Boolean;)V+12
v  ~StubRoutines::call_stub
j  sun.reflect.NativeMethodAccessorImpl.invoke0(Ljava/lang/reflect/Method;Ljava/lang/Object;[Ljava/lang/Object;)Ljava/lang/Object;+0
j  sun.reflect.NativeMethodAccessorImpl.invoke(Ljava/lang/Object;[Ljava/lang/Object;)Ljava/lang/Object;+100
J 2640 C1 sun.reflect.DelegatingMethodAccessorImpl.invoke(Ljava/lang/Object;[Ljava/lang/Object;)Ljava/lang/Object; (10 bytes) @ 0x00000214a5a6a90c [0x00000214a5a6a800+0x10c]
J 2639 C1 java.lang.reflect.Method.invoke(Ljava/lang/Object;[Ljava/lang/Object;)Ljava/lang/Object; (62 bytes) @ 0x00000214a5a6a334 [0x00000214a5a69f40+0x3f4]
j  org.uqbar.project.wollok.ui.utils.XTendUtilExtensions.invokeConvertingArgs(Ljava/lang/reflect/Method;Ljava/lang/Object;[Ljava/lang/Object;)Lorg/uqbar/project/wollok/interpreter/core/WollokObject;+261
j  org.uqbar.project.wollok.interpreter.AbstractWollokCallable._invokeNative(Ljava/lang/Object;Ljava/lang/String;[Lorg/uqbar/project/wollok/interpreter/core/WollokObject;)Lorg/uqbar/project/wollok/interpreter/core/WollokObject;+41
j  org.uqbar.project.wollok.interpreter.AbstractWollokCallable.invokeNative(Ljava/lang/Object;Ljava/lang/String;[Lorg/uqbar/project/wollok/interpreter/core/WollokObject;)Lorg/uqbar/project/wollok/interpreter/core/WollokObject;+26
j  org.uqbar.project.wollok.interpreter.AbstractWollokCallable$1.apply()Lorg/uqbar/project/wollok/interpreter/core/WollokObject;+55
j  org.uqbar.project.wollok.interpreter.AbstractWollokCallable$1.apply()Ljava/lang/Object;+1
j  org.uqbar.project.wollok.interpreter.threads.WThread.performOnStack(Lorg/eclipse/emf/ecore/EObject;Lorg/uqbar/project/wollok/interpreter/context/EvaluationContext;Lorg/eclipse/xtext/xbase/lib/Functions$Function0;)Lorg/uqbar/project/wollok/interpreter/core/WollokObject;+29
j  org.uqbar.project.wollok.interpreter.WollokInterpreter.performOnStack(Lorg/eclipse/emf/ecore/EObject;Lorg/uqbar/project/wollok/interpreter/context/EvaluationContext;Lorg/eclipse/xtext/xbase/lib/Functions$Function0;)Lorg/uqbar/project/wollok/interpreter/core/WollokObject;+7
j  org.uqbar.project.wollok.interpreter.AbstractWollokCallable.call(Lorg/uqbar/project/wollok/wollokDsl/WMethodDeclaration;[Lorg/uqbar/project/wollok/interpreter/core/WollokObject;)Lorg/uqbar/project/wollok/interpreter/core/WollokObject;+38
j  org.uqbar.project.wollok.interpreter.core.WollokObject.call(Ljava/lang/String;[Lorg/uqbar/project/wollok/interpreter/core/WollokObject;)Lorg/uqbar/project/wollok/interpreter/core/WollokObject;+55
j  org.uqbar.project.wollok.interpreter.WollokInterpreterEvaluator._evaluate(Lorg/uqbar/project/wollok/wollokDsl/WFeatureCall;)Lorg/uqbar/project/wollok/interpreter/core/WollokObject;+119
j  org.uqbar.project.wollok.launch.WollokLauncherInterpreterEvaluator.evaluate(Lorg/eclipse/emf/ecore/EObject;)Lorg/uqbar/project/wollok/interpreter/core/WollokObject;+412
j  org.uqbar.project.wollok.interpreter.WollokInterpreterEvaluator.evaluate(Lorg/eclipse/emf/ecore/EObject;)Ljava/lang/Object;+2
j  org.uqbar.project.wollok.interpreter.WollokInterpreter.eval(Lorg/eclipse/emf/ecore/EObject;)Lorg/uqbar/project/wollok/interpreter/core/WollokObject;+63
J 3217 C1 org.uqbar.project.wollok.interpreter.WollokInterpreterEvaluator.eval(Lorg/eclipse/emf/ecore/EObject;)Lorg/uqbar/project/wollok/interpreter/core/WollokObject; (9 bytes) @ 0x00000214a5bba4ac [0x00000214a5bba440+0x6c]
j  org.uqbar.project.wollok.interpreter.WollokInterpreterEvaluator$1.apply(Lorg/uqbar/project/wollok/interpreter/core/WollokObject;Lorg/eclipse/emf/ecore/EObject;)Lorg/uqbar/project/wollok/interpreter/core/WollokObject;+5
j  org.uqbar.project.wollok.interpreter.WollokInterpreterEvaluator$1.apply(Ljava/lang/Object;Ljava/lang/Object;)Ljava/lang/Object;+9
J 3194 C1 org.eclipse.xtext.xbase.lib.IterableExtensions.fold(Ljava/lang/Iterable;Ljava/lang/Object;Lorg/eclipse/xtext/xbase/lib/Functions$Function2;)Ljava/lang/Object; (12 bytes) @ 0x00000214a5bb3c3c [0x00000214a5bb3ba0+0x9c]
j  org.uqbar.project.wollok.interpreter.WollokInterpreterEvaluator.evalAll(Ljava/lang/Iterable;)Lorg/uqbar/project/wollok/interpreter/core/WollokObject;+12
j  org.uqbar.project.wollok.interpreter.WollokInterpreterEvaluator._evaluate(Lorg/uqbar/project/wollok/wollokDsl/WBlockExpression;)Lorg/uqbar/project/wollok/interpreter/core/WollokObject;+34
j  org.uqbar.project.wollok.launch.WollokLauncherInterpreterEvaluator.evaluate(Lorg/eclipse/emf/ecore/EObject;)Lorg/uqbar/project/wollok/interpreter/core/WollokObject;+76
j  org.uqbar.project.wollok.interpreter.WollokInterpreterEvaluator.evaluate(Lorg/eclipse/emf/ecore/EObject;)Ljava/lang/Object;+2
j  org.uqbar.project.wollok.interpreter.WollokInterpreter.eval(Lorg/eclipse/emf/ecore/EObject;)Lorg/uqbar/project/wollok/interpreter/core/WollokObject;+63
j  org.uqbar.project.wollok.interpreter.AbstractWollokCallable.eval(Lorg/eclipse/emf/ecore/EObject;)Lorg/uqbar/project/wollok/interpreter/core/WollokObject;+5
j  org.uqbar.project.wollok.interpreter.AbstractWollokCallable$1.apply()Lorg/uqbar/project/wollok/interpreter/core/WollokObject;+110
j  org.uqbar.project.wollok.interpreter.AbstractWollokCallable$1.apply()Ljava/lang/Object;+1
j  org.uqbar.project.wollok.interpreter.threads.WThread.performOnStack(Lorg/eclipse/emf/ecore/EObject;Lorg/uqbar/project/wollok/interpreter/context/EvaluationContext;Lorg/eclipse/xtext/xbase/lib/Functions$Function0;)Lorg/uqbar/project/wollok/interpreter/core/WollokObject;+29
j  org.uqbar.project.wollok.interpreter.WollokInterpreter.performOnStack(Lorg/eclipse/emf/ecore/EObject;Lorg/uqbar/project/wollok/interpreter/context/EvaluationContext;Lorg/eclipse/xtext/xbase/lib/Functions$Function0;)Lorg/uqbar/project/wollok/interpreter/core/WollokObject;+7
j  org.uqbar.project.wollok.interpreter.AbstractWollokCallable.call(Lorg/uqbar/project/wollok/wollokDsl/WMethodDeclaration;[Lorg/uqbar/project/wollok/interpreter/core/WollokObject;)Lorg/uqbar/project/wollok/interpreter/core/WollokObject;+38
j  org.uqbar.project.wollok.interpreter.core.WollokObject.call(Ljava/lang/String;[Lorg/uqbar/project/wollok/interpreter/core/WollokObject;)Lorg/uqbar/project/wollok/interpreter/core/WollokObject;+55
j  org.uqbar.project.wollok.interpreter.WollokInterpreterEvaluator._evaluate(Lorg/uqbar/project/wollok/wollokDsl/WFeatureCall;)Lorg/uqbar/project/wollok/interpreter/core/WollokObject;+119
j  org.uqbar.project.wollok.launch.WollokLauncherInterpreterEvaluator.evaluate(Lorg/eclipse/emf/ecore/EObject;)Lorg/uqbar/project/wollok/interpreter/core/WollokObject;+412
j  org.uqbar.project.wollok.interpreter.WollokInterpreterEvaluator.evaluate(Lorg/eclipse/emf/ecore/EObject;)Ljava/lang/Object;+2
j  org.uqbar.project.wollok.interpreter.WollokInterpreter.eval(Lorg/eclipse/emf/ecore/EObject;)Lorg/uqbar/project/wollok/interpreter/core/WollokObject;+63
J 3217 C1 org.uqbar.project.wollok.interpreter.WollokInterpreterEvaluator.eval(Lorg/eclipse/emf/ecore/EObject;)Lorg/uqbar/project/wollok/interpreter/core/WollokObject; (9 bytes) @ 0x00000214a5bba4ac [0x00000214a5bba440+0x6c]
j  org.uqbar.project.wollok.interpreter.WollokInterpreterEvaluator$1.apply(Lorg/uqbar/project/wollok/interpreter/core/WollokObject;Lorg/eclipse/emf/ecore/EObject;)Lorg/uqbar/project/wollok/interpreter/core/WollokObject;+5
j  org.uqbar.project.wollok.interpreter.WollokInterpreterEvaluator$1.apply(Ljava/lang/Object;Ljava/lang/Object;)Ljava/lang/Object;+9
j  org.eclipse.xtext.xbase.lib.IteratorExtensions.fold(Ljava/util/Iterator;Ljava/lang/Object;Lorg/eclipse/xtext/xbase/lib/Functions$Function2;)Ljava/lang/Object;+19
j  org.eclipse.xtext.xbase.lib.IterableExtensions.fold(Ljava/lang/Iterable;Ljava/lang/Object;Lorg/eclipse/xtext/xbase/lib/Functions$Function2;)Ljava/lang/Object;+8
j  org.uqbar.project.wollok.interpreter.WollokInterpreterEvaluator.evalAll(Ljava/lang/Iterable;)Lorg/uqbar/project/wollok/interpreter/core/WollokObject;+12
j  org.uqbar.project.wollok.interpreter.WollokInterpreterEvaluator._evaluate(Lorg/uqbar/project/wollok/wollokDsl/WProgram;)Lorg/uqbar/project/wollok/interpreter/core/WollokObject;+18
j  org.uqbar.project.wollok.launch.WollokLauncherInterpreterEvaluator.evaluate(Lorg/eclipse/emf/ecore/EObject;)Lorg/uqbar/project/wollok/interpreter/core/WollokObject;+444
j  org.uqbar.project.wollok.interpreter.WollokInterpreterEvaluator.evaluate(Lorg/eclipse/emf/ecore/EObject;)Ljava/lang/Object;+2
j  org.uqbar.project.wollok.interpreter.WollokInterpreter.eval(Lorg/eclipse/emf/ecore/EObject;)Lorg/uqbar/project/wollok/interpreter/core/WollokObject;+63
j  org.uqbar.project.wollok.interpreter.WollokInterpreterEvaluator.eval(Lorg/eclipse/emf/ecore/EObject;)Lorg/uqbar/project/wollok/interpreter/core/WollokObject;+5
j  org.uqbar.project.wollok.launch.WollokLauncherInterpreterEvaluator._evaluate(Lorg/uqbar/project/wollok/wollokDsl/WFile;)Lorg/uqbar/project/wollok/interpreter/core/WollokObject;+32
j  org.uqbar.project.wollok.launch.WollokLauncherInterpreterEvaluator.evaluate(Lorg/eclipse/emf/ecore/EObject;)Lorg/uqbar/project/wollok/interpreter/core/WollokObject;+428
j  org.uqbar.project.wollok.interpreter.WollokInterpreterEvaluator.evaluate(Lorg/eclipse/emf/ecore/EObject;)Ljava/lang/Object;+2
j  org.uqbar.project.wollok.interpreter.WollokInterpreter.interpret(Lorg/eclipse/emf/ecore/EObject;Ljava/lang/Boolean;)Lorg/uqbar/project/wollok/interpreter/core/WollokObject;+25
j  org.uqbar.project.wollok.interpreter.WollokInterpreter.interpret(Lorg/eclipse/emf/ecore/EObject;)Lorg/uqbar/project/wollok/interpreter/core/WollokObject;+8
j  org.uqbar.project.wollok.launch.WollokLauncher.doSomething(Lorg/uqbar/project/wollok/wollokDsl/WFile;Lcom/google/inject/Injector;Ljava/io/File;Lorg/uqbar/project/wollok/launch/WollokLauncherParameters;)V+109
j  org.uqbar.project.wollok.launch.WollokChecker.launch(Ljava/lang/String;Lorg/uqbar/project/wollok/launch/WollokLauncherParameters;)V+31
j  org.uqbar.project.wollok.launch.WollokChecker.doMain([Ljava/lang/String;)V+205
j  org.uqbar.project.wollok.launch.WollokLauncher.main([Ljava/lang/String;)V+8
v  ~StubRoutines::call_stub

---------------  P R O C E S S  ---------------

Java Threads: ( => current thread )
  0x00000214c03fa800 JavaThread "com.google.inject.internal.util.$Finalizer" daemon [_thread_blocked, id=15300, stack(0x0000005ca0c00000,0x0000005ca0d00000)]
  0x00000214c03f9000 JavaThread "EMF Reference Cleaner" daemon [_thread_blocked, id=18480, stack(0x0000005ca0b00000,0x0000005ca0c00000)]
  0x00000214c03f7000 JavaThread "Service Thread" daemon [_thread_blocked, id=14624, stack(0x0000005ca0900000,0x0000005ca0a00000)]
  0x00000214be57f000 JavaThread "C1 CompilerThread3" daemon [_thread_blocked, id=6008, stack(0x0000005ca0800000,0x0000005ca0900000)]
  0x00000214be569000 JavaThread "C2 CompilerThread2" daemon [_thread_blocked, id=13168, stack(0x0000005ca0700000,0x0000005ca0800000)]
  0x00000214be568000 JavaThread "C2 CompilerThread1" daemon [_thread_blocked, id=12156, stack(0x0000005ca0600000,0x0000005ca0700000)]
  0x00000214be56b800 JavaThread "C2 CompilerThread0" daemon [_thread_blocked, id=7028, stack(0x0000005ca0500000,0x0000005ca0600000)]
  0x00000214be558000 JavaThread "Attach Listener" daemon [_thread_blocked, id=19320, stack(0x0000005ca0400000,0x0000005ca0500000)]
  0x00000214be557000 JavaThread "Signal Dispatcher" daemon [_thread_blocked, id=16448, stack(0x0000005ca0300000,0x0000005ca0400000)]
  0x00000214be533000 JavaThread "Finalizer" daemon [_thread_blocked, id=8120, stack(0x0000005ca0200000,0x0000005ca0300000)]
  0x00000214be52a800 JavaThread "Reference Handler" daemon [_thread_blocked, id=17808, stack(0x0000005ca0100000,0x0000005ca0200000)]
=>0x00000214a3837800 JavaThread "main" [_thread_in_native, id=19792, stack(0x0000005c9f700000,0x0000005c9f800000)]

Other Threads:
  0x00000214be501000 VMThread [stack: 0x0000005ca0000000,0x0000005ca0100000] [id=16276]
  0x00000214be5ce000 WatcherThread [stack: 0x0000005ca0a00000,0x0000005ca0b00000] [id=14596]

VM state:not at safepoint (normal execution)

VM Mutex/Monitor currently owned by a thread: None

heap address: 0x00000006c1000000, size: 4080 MB, Compressed Oops mode: Zero based, Oop shift amount: 3
Narrow klass base: 0x0000000000000000, Narrow klass shift: 3
Compressed class space size: 1073741824 Address: 0x00000007c0000000

Heap:
 PSYoungGen      total 76288K, used 15622K [0x000000076b000000, 0x0000000774500000, 0x00000007c0000000)
  eden space 65536K, 23% used [0x000000076b000000,0x000000076bf41b88,0x000000076f000000)
  from space 10752K, 0% used [0x000000076f000000,0x000000076f000000,0x000000076fa80000)
  to   space 10752K, 0% used [0x0000000773a80000,0x0000000773a80000,0x0000000774500000)
 ParOldGen       total 131584K, used 17113K [0x00000006c1000000, 0x00000006c9080000, 0x000000076b000000)
  object space 131584K, 13% used [0x00000006c1000000,0x00000006c20b6628,0x00000006c9080000)
 Metaspace       used 21881K, capacity 22164K, committed 22400K, reserved 1069056K
  class space    used 2759K, capacity 2856K, committed 2944K, reserved 1048576K

Card table byte_map: [0x00000214b45b0000,0x00000214b4db0000] byte_map_base: 0x00000214b0fa8000

Marking Bits: (ParMarkBitMap*) 0x000000006e19f7f0
 Begin Bits: [0x00000214b5300000, 0x00000214b92c0000)
 End Bits:   [0x00000214b92c0000, 0x00000214bd280000)

Polling page: 0x00000214a39e0000

CodeCache: size=245760Kb used=10505Kb max_used=10525Kb free=235254Kb
 bounds [0x00000214a51f0000, 0x00000214a5c40000, 0x00000214b41f0000]
 total_blobs=3753 nmethods=3301 adapters=364
 compilation: enabled

Compilation events (10 events):
Event: 2.563 Thread 0x00000214be57f000 3297       3       java.nio.DirectByteBuffer::put (18 bytes)
Event: 2.564 Thread 0x00000214be57f000 nmethod 3297 0x00000214a5bce290 code [0x00000214a5bce400, 0x00000214a5bce678]
Event: 2.564 Thread 0x00000214be57f000 3298       1       java.nio.DirectByteBuffer::ix (10 bytes)
Event: 2.564 Thread 0x00000214be57f000 nmethod 3298 0x00000214a5bcdfd0 code [0x00000214a5bce120, 0x00000214a5bce238]
Event: 2.566 Thread 0x00000214be569000 3299   !   4       java.lang.ClassLoader::loadClass (122 bytes)
Event: 2.571 Thread 0x00000214be57f000 3300       3       sun.reflect.NativeMethodAccessorImpl::invoke (104 bytes)
Event: 2.572 Thread 0x00000214be57f000 nmethod 3300 0x00000214a5c324d0 code [0x00000214a5c32740, 0x00000214a5c33c20]
Event: 2.577 Thread 0x00000214be57f000 3302       3       java.lang.reflect.Field::acquireFieldAccessor (59 bytes)
Event: 2.578 Thread 0x00000214be57f000 nmethod 3302 0x00000214a5c34ad0 code [0x00000214a5c34ca0, 0x00000214a5c35410]
Event: 2.603 Thread 0x00000214be569000 nmethod 3299 0x00000214a5c3aa10 code [0x00000214a5c3ada0, 0x00000214a5c3d3e8]

GC Heap History (8 events):
Event: 0.860 GC heap before
{Heap before GC invocations=1 (full 0):
 PSYoungGen      total 76288K, used 65536K [0x000000076b000000, 0x0000000770500000, 0x00000007c0000000)
  eden space 65536K, 100% used [0x000000076b000000,0x000000076f000000,0x000000076f000000)
  from space 10752K, 0% used [0x000000076fa80000,0x000000076fa80000,0x0000000770500000)
  to   space 10752K, 0% used [0x000000076f000000,0x000000076f000000,0x000000076fa80000)
 ParOldGen       total 175104K, used 0K [0x00000006c1000000, 0x00000006cbb00000, 0x000000076b000000)
  object space 175104K, 0% used [0x00000006c1000000,0x00000006c1000000,0x00000006cbb00000)
 Metaspace       used 10020K, capacity 10192K, committed 10368K, reserved 1058816K
  class space    used 1195K, capacity 1288K, committed 1408K, reserved 1048576K
Event: 0.867 GC heap after
Heap after GC invocations=1 (full 0):
 PSYoungGen      total 76288K, used 10724K [0x000000076b000000, 0x0000000770500000, 0x00000007c0000000)
  eden space 65536K, 0% used [0x000000076b000000,0x000000076b000000,0x000000076f000000)
  from space 10752K, 99% used [0x000000076f000000,0x000000076fa79310,0x000000076fa80000)
  to   space 10752K, 0% used [0x000000076fa80000,0x000000076fa80000,0x0000000770500000)
 ParOldGen       total 175104K, used 6211K [0x00000006c1000000, 0x00000006cbb00000, 0x000000076b000000)
  object space 175104K, 3% used [0x00000006c1000000,0x00000006c1610c80,0x00000006cbb00000)
 Metaspace       used 10020K, capacity 10192K, committed 10368K, reserved 1058816K
  class space    used 1195K, capacity 1288K, committed 1408K, reserved 1048576K
}
Event: 1.581 GC heap before
{Heap before GC invocations=2 (full 0):
 PSYoungGen      total 76288K, used 76260K [0x000000076b000000, 0x0000000770500000, 0x00000007c0000000)
  eden space 65536K, 100% used [0x000000076b000000,0x000000076f000000,0x000000076f000000)
  from space 10752K, 99% used [0x000000076f000000,0x000000076fa79310,0x000000076fa80000)
  to   space 10752K, 0% used [0x000000076fa80000,0x000000076fa80000,0x0000000770500000)
 ParOldGen       total 175104K, used 6211K [0x00000006c1000000, 0x00000006cbb00000, 0x000000076b000000)
  object space 175104K, 3% used [0x00000006c1000000,0x00000006c1610c80,0x00000006cbb00000)
 Metaspace       used 17496K, capacity 17682K, committed 18048K, reserved 1064960K
  class space    used 2229K, capacity 2323K, committed 2432K, reserved 1048576K
Event: 1.590 GC heap after
Heap after GC invocations=2 (full 0):
 PSYoungGen      total 76288K, used 10746K [0x000000076b000000, 0x0000000774500000, 0x00000007c0000000)
  eden space 65536K, 0% used [0x000000076b000000,0x000000076b000000,0x000000076f000000)
  from space 10752K, 99% used [0x000000076fa80000,0x00000007704fe910,0x0000000770500000)
  to   space 10752K, 0% used [0x000000076f000000,0x000000076f000000,0x000000076fa80000)
 ParOldGen       total 175104K, used 16721K [0x00000006c1000000, 0x00000006cbb00000, 0x000000076b000000)
  object space 175104K, 9% used [0x00000006c1000000,0x00000006c20544a8,0x00000006cbb00000)
 Metaspace       used 17496K, capacity 17682K, committed 18048K, reserved 1064960K
  class space    used 2229K, capacity 2323K, committed 2432K, reserved 1048576K
}
Event: 2.259 GC heap before
{Heap before GC invocations=3 (full 0):
 PSYoungGen      total 76288K, used 48731K [0x000000076b000000, 0x0000000774500000, 0x00000007c0000000)
  eden space 65536K, 57% used [0x000000076b000000,0x000000076d5186e8,0x000000076f000000)
  from space 10752K, 99% used [0x000000076fa80000,0x00000007704fe910,0x0000000770500000)
  to   space 10752K, 0% used [0x000000076f000000,0x000000076f000000,0x000000076fa80000)
 ParOldGen       total 175104K, used 16721K [0x00000006c1000000, 0x00000006cbb00000, 0x000000076b000000)
  object space 175104K, 9% used [0x00000006c1000000,0x00000006c20544a8,0x00000006cbb00000)
 Metaspace       used 20815K, capacity 21064K, committed 21248K, reserved 1067008K
  class space    used 2641K, capacity 2726K, committed 2816K, reserved 1048576K
Event: 2.272 GC heap after
Heap after GC invocations=3 (full 0):
 PSYoungGen      total 76288K, used 10721K [0x000000076b000000, 0x0000000774500000, 0x00000007c0000000)
  eden space 65536K, 0% used [0x000000076b000000,0x000000076b000000,0x000000076f000000)
  from space 10752K, 99% used [0x000000076f000000,0x000000076fa786f8,0x000000076fa80000)
  to   space 10752K, 0% used [0x0000000773a80000,0x0000000773a80000,0x0000000774500000)
 ParOldGen       total 175104K, used 20743K [0x00000006c1000000, 0x00000006cbb00000, 0x000000076b000000)
  object space 175104K, 11% used [0x00000006c1000000,0x00000006c2441df0,0x00000006cbb00000)
 Metaspace       used 20815K, capacity 21064K, committed 21248K, reserved 1067008K
  class space    used 2641K, capacity 2726K, committed 2816K, reserved 1048576K
}
Event: 2.272 GC heap before
{Heap before GC invocations=4 (full 1):
 PSYoungGen      total 76288K, used 10721K [0x000000076b000000, 0x0000000774500000, 0x00000007c0000000)
  eden space 65536K, 0% used [0x000000076b000000,0x000000076b000000,0x000000076f000000)
  from space 10752K, 99% used [0x000000076f000000,0x000000076fa786f8,0x000000076fa80000)
  to   space 10752K, 0% used [0x0000000773a80000,0x0000000773a80000,0x0000000774500000)
 ParOldGen       total 175104K, used 20743K [0x00000006c1000000, 0x00000006cbb00000, 0x000000076b000000)
  object space 175104K, 11% used [0x00000006c1000000,0x00000006c2441df0,0x00000006cbb00000)
 Metaspace       used 20815K, capacity 21064K, committed 21248K, reserved 1067008K
  class space    used 2641K, capacity 2726K, committed 2816K, reserved 1048576K
Event: 2.311 GC heap after
Heap after GC invocations=4 (full 1):
 PSYoungGen      total 76288K, used 0K [0x000000076b000000, 0x0000000774500000, 0x00000007c0000000)
  eden space 65536K, 0% used [0x000000076b000000,0x000000076b000000,0x000000076f000000)
  from space 10752K, 0% used [0x000000076f000000,0x000000076f000000,0x000000076fa80000)
  to   space 10752K, 0% used [0x0000000773a80000,0x0000000773a80000,0x0000000774500000)
 ParOldGen       total 131584K, used 17113K [0x00000006c1000000, 0x00000006c9080000, 0x000000076b000000)
  object space 131584K, 13% used [0x00000006c1000000,0x00000006c20b6628,0x00000006c9080000)
 Metaspace       used 20815K, capacity 21064K, committed 21248K, reserved 1067008K
  class space    used 2641K, capacity 2726K, committed 2816K, reserved 1048576K
}

Deoptimization events (10 events):
Event: 1.929 Thread 0x00000214a3837800 Uncommon trap: reason=unstable_if action=reinterpret pc=0x00000214a59709b4 method=org.antlr.runtime.CommonTokenStream.consume()V @ 13
Event: 1.938 Thread 0x00000214a3837800 Uncommon trap: reason=bimorphic action=maybe_recompile pc=0x00000214a57e5768 method=org.eclipse.emf.common.util.AbstractEList$EIterator.next()Ljava/lang/Object; @ 1
Event: 1.938 Thread 0x00000214a3837800 Uncommon trap: reason=unstable_if action=reinterpret pc=0x00000214a5872c50 method=org.antlr.runtime.ANTLRStringStream.mark()I @ 4
Event: 1.940 Thread 0x00000214a3837800 Uncommon trap: reason=unstable_if action=reinterpret pc=0x00000214a590c12c method=org.antlr.runtime.CommonTokenStream.consume()V @ 13
Event: 1.947 Thread 0x00000214a3837800 Uncommon trap: reason=unstable_if action=reinterpret pc=0x00000214a593090c method=java.util.HashMap.computeIfAbsent(Ljava/lang/Object;Ljava/util/function/Function;)Ljava/lang/Object; @ 44
Event: 2.077 Thread 0x00000214a3837800 Uncommon trap: reason=unstable_if action=reinterpret pc=0x00000214a56e5b00 method=java.util.concurrent.ConcurrentHashMap.putVal(Ljava/lang/Object;Ljava/lang/Object;Z)Ljava/lang/Object; @ 181
Event: 2.420 Thread 0x00000214a3837800 Uncommon trap: reason=unstable_if action=reinterpret pc=0x00000214a554e590 method=java.io.WinNTFileSystem.normalize(Ljava/lang/String;)Ljava/lang/String; @ 49
Event: 2.439 Thread 0x00000214a3837800 Uncommon trap: reason=predicate action=maybe_recompile pc=0x00000214a56480ec method=java.lang.String.regionMatches(ZILjava/lang/String;II)Z @ 63
Event: 2.541 Thread 0x00000214a3837800 Uncommon trap: reason=unstable_if action=reinterpret pc=0x00000214a540b4dc method=java.lang.ThreadLocal$ThreadLocalMap.getEntry(Ljava/lang/ThreadLocal;)Ljava/lang/ThreadLocal$ThreadLocalMap$Entry; @ 29
Event: 2.541 Thread 0x00000214a3837800 Uncommon trap: reason=unstable_if action=reinterpret pc=0x00000214a540cb2c method=java.lang.ThreadLocal$ThreadLocalMap.getEntry(Ljava/lang/ThreadLocal;)Ljava/lang/ThreadLocal$ThreadLocalMap$Entry; @ 29

Classes redefined (0 events):
No events

Internal exceptions (10 events):
Event: 1.969 Thread 0x00000214a3837800 Exception <a 'java/io/FileNotFoundException'> (0x000000076c162000) thrown at [J:\jenkins\tmp\workspace\build\src\hotspot\src\share\vm\prims\jni.cpp, line 709]
Event: 1.973 Thread 0x00000214a3837800 Exception <a 'java/io/FileNotFoundException'> (0x000000076c173da0) thrown at [J:\jenkins\tmp\workspace\build\src\hotspot\src\share\vm\prims\jni.cpp, line 709]
Event: 1.982 Thread 0x00000214a3837800 Exception <a 'java/io/FileNotFoundException'> (0x000000076c210ab0) thrown at [J:\jenkins\tmp\workspace\build\src\hotspot\src\share\vm\prims\jni.cpp, line 709]
Event: 2.195 Thread 0x00000214a3837800 Exception <a 'java/lang/reflect/InvocationTargetException'> (0x000000076cfa08a0) thrown at [J:\jenkins\tmp\workspace\build\src\hotspot\src\share\vm\runtime\reflection.cpp, line 1092]
Event: 2.571 Thread 0x00000214a3837800 Exception <a 'java/security/PrivilegedActionException'> (0x000000076bdaa9b0) thrown at [J:\jenkins\tmp\workspace\build\src\hotspot\src\share\vm\prims\jvm.cpp, line 1514]
Event: 2.571 Thread 0x00000214a3837800 Exception <a 'java/security/PrivilegedActionException'> (0x000000076bdabee0) thrown at [J:\jenkins\tmp\workspace\build\src\hotspot\src\share\vm\prims\jvm.cpp, line 1514]
Event: 2.571 Thread 0x00000214a3837800 Exception <a 'java/security/PrivilegedActionException'> (0x000000076bdad310) thrown at [J:\jenkins\tmp\workspace\build\src\hotspot\src\share\vm\prims\jvm.cpp, line 1514]
Event: 2.571 Thread 0x00000214a3837800 Exception <a 'java/security/PrivilegedActionException'> (0x000000076bdae9d0) thrown at [J:\jenkins\tmp\workspace\build\src\hotspot\src\share\vm\prims\jvm.cpp, line 1514]
Event: 2.571 Thread 0x00000214a3837800 Exception <a 'java/security/PrivilegedActionException'> (0x000000076bdafdc8) thrown at [J:\jenkins\tmp\workspace\build\src\hotspot\src\share\vm\prims\jvm.cpp, line 1514]
Event: 2.571 Thread 0x00000214a3837800 Exception <a 'java/security/PrivilegedActionException'> (0x000000076bdb1190) thrown at [J:\jenkins\tmp\workspace\build\src\hotspot\src\share\vm\prims\jvm.cpp, line 1514]

Events (10 events):
Event: 2.597 loading class org/lwjgl/openal/ALCdevice
Event: 2.597 loading class org/lwjgl/openal/ALCdevice done
Event: 2.597 loading class org/lwjgl/openal/ALCcontext
Event: 2.597 loading class org/lwjgl/openal/ALCcontext done
Event: 2.598 loading class java/nio/DirectIntBufferU
Event: 2.598 loading class java/nio/DirectIntBufferU done
Event: 2.598 loading class org/lwjgl/openal/Util
Event: 2.598 loading class org/lwjgl/openal/Util done
Event: 2.598 loading class org/lwjgl/openal/OpenALException
Event: 2.598 loading class org/lwjgl/openal/OpenALException done


Dynamic libraries:
0x00007ff77ee40000 - 0x00007ff77ee85000 	C:\Program Files\Eclipse Adoptium\jdk-8.0.362.9-hotspot\bin\javaw.exe
0x00007ffc1d450000 - 0x00007ffc1d648000 	C:\WINDOWS\SYSTEM32\ntdll.dll
0x00007ffbf0a80000 - 0x00007ffbf0a99000 	C:\Program Files\AVAST Software\Avast\aswhook.dll
0x00007ffc1cfd0000 - 0x00007ffc1d08f000 	C:\WINDOWS\System32\KERNEL32.DLL
0x00007ffc1b1b0000 - 0x00007ffc1b4a6000 	C:\WINDOWS\System32\KERNELBASE.dll
0x00007ffc1cba0000 - 0x00007ffc1cc4f000 	C:\WINDOWS\System32\ADVAPI32.dll
0x00007ffc1d370000 - 0x00007ffc1d40e000 	C:\WINDOWS\System32\msvcrt.dll
0x00007ffc1cc50000 - 0x00007ffc1ccec000 	C:\WINDOWS\System32\sechost.dll
0x00007ffc1ce30000 - 0x00007ffc1cf56000 	C:\WINDOWS\System32\RPCRT4.dll
0x00007ffc1c350000 - 0x00007ffc1c4ed000 	C:\WINDOWS\System32\USER32.dll
0x00007ffc1b050000 - 0x00007ffc1b072000 	C:\WINDOWS\System32\win32u.dll
0x00007ffc1c320000 - 0x00007ffc1c34c000 	C:\WINDOWS\System32\GDI32.dll
0x00007ffc1af30000 - 0x00007ffc1b045000 	C:\WINDOWS\System32\gdi32full.dll
0x00007ffc1ac90000 - 0x00007ffc1ad2d000 	C:\WINDOWS\System32\msvcp_win.dll
0x00007ffc1b0b0000 - 0x00007ffc1b1b0000 	C:\WINDOWS\System32\ucrtbase.dll
0x00007ffc118b0000 - 0x00007ffc11b4a000 	C:\WINDOWS\WinSxS\amd64_microsoft.windows.common-controls_6595b64144ccf1df_6.0.19041.1110_none_60b5254171f9507e\COMCTL32.dll
0x00007ffc1ccf0000 - 0x00007ffc1cd20000 	C:\WINDOWS\System32\IMM32.DLL
0x00007ffc11280000 - 0x00007ffc11295000 	C:\Program Files\Eclipse Adoptium\jdk-8.0.362.9-hotspot\jre\bin\vcruntime140.dll
0x00007ffbf8df0000 - 0x00007ffbf8e8b000 	C:\Program Files\Eclipse Adoptium\jdk-8.0.362.9-hotspot\jre\bin\msvcp140.dll
0x000000006d9c0000 - 0x000000006e218000 	C:\Program Files\Eclipse Adoptium\jdk-8.0.362.9-hotspot\jre\bin\server\jvm.dll
0x00007ffc1cfc0000 - 0x00007ffc1cfc8000 	C:\WINDOWS\System32\PSAPI.DLL
0x00007ffc0fbd0000 - 0x00007ffc0fbf7000 	C:\WINDOWS\SYSTEM32\WINMM.dll
0x00007ffc044b0000 - 0x00007ffc044b9000 	C:\WINDOWS\SYSTEM32\WSOCK32.dll
0x00007ffc10e20000 - 0x00007ffc10e2a000 	C:\WINDOWS\SYSTEM32\VERSION.dll
0x00007ffc1c580000 - 0x00007ffc1c5eb000 	C:\WINDOWS\System32\WS2_32.dll
0x00007ffc189f0000 - 0x00007ffc18a02000 	C:\WINDOWS\SYSTEM32\kernel.appcore.dll
0x00007ffc10eb0000 - 0x00007ffc10ec0000 	C:\Program Files\Eclipse Adoptium\jdk-8.0.362.9-hotspot\jre\bin\verify.dll
0x00007ffc02ca0000 - 0x00007ffc02ccb000 	C:\Program Files\Eclipse Adoptium\jdk-8.0.362.9-hotspot\jre\bin\java.dll
0x00007ffc0a800000 - 0x00007ffc0a818000 	C:\Program Files\Eclipse Adoptium\jdk-8.0.362.9-hotspot\jre\bin\zip.dll
0x00007ffc1b750000 - 0x00007ffc1be94000 	C:\WINDOWS\System32\SHELL32.dll
0x00007ffc18bf0000 - 0x00007ffc19383000 	C:\WINDOWS\SYSTEM32\windows.storage.dll
0x00007ffc1bfc0000 - 0x00007ffc1c314000 	C:\WINDOWS\System32\combase.dll
0x00007ffc1a4a0000 - 0x00007ffc1a4ce000 	C:\WINDOWS\SYSTEM32\Wldp.dll
0x00007ffc1b570000 - 0x00007ffc1b61d000 	C:\WINDOWS\System32\SHCORE.dll
0x00007ffc1c5f0000 - 0x00007ffc1c645000 	C:\WINDOWS\System32\shlwapi.dll
0x00007ffc1aa60000 - 0x00007ffc1aa85000 	C:\WINDOWS\SYSTEM32\profapi.dll
0x0000000065580000 - 0x0000000065616000 	C:\Users\usuario\AppData\Local\Temp\libgdxusuario\12dfaa03\gdx64.dll
0x00007ffc1a3f0000 - 0x00007ffc1a408000 	C:\WINDOWS\SYSTEM32\CRYPTSP.dll
0x00007ffc19b10000 - 0x00007ffc19b44000 	C:\WINDOWS\system32\rsaenh.dll
0x00007ffc1b080000 - 0x00007ffc1b0a7000 	C:\WINDOWS\System32\bcrypt.dll
0x00007ffc1a9e0000 - 0x00007ffc1aa0e000 	C:\WINDOWS\SYSTEM32\USERENV.dll
0x00007ffc1ad30000 - 0x00007ffc1adb2000 	C:\WINDOWS\System32\bcryptprimitives.dll
0x00007ffc1a410000 - 0x00007ffc1a41c000 	C:\WINDOWS\SYSTEM32\CRYPTBASE.dll
0x00007ffc037a0000 - 0x00007ffc037bc000 	C:\Program Files\Eclipse Adoptium\jdk-8.0.362.9-hotspot\jre\bin\net.dll
0x00007ffc1a200000 - 0x00007ffc1a26a000 	C:\WINDOWS\system32\mswsock.dll
0x00007ffc19ef0000 - 0x00007ffc19f2b000 	C:\WINDOWS\SYSTEM32\IPHLPAPI.DLL
0x00007ffc1b4b0000 - 0x00007ffc1b4b8000 	C:\WINDOWS\System32\NSI.dll
0x00007ffc145e0000 - 0x00007ffc145f7000 	C:\WINDOWS\SYSTEM32\dhcpcsvc6.DLL
0x00007ffc14570000 - 0x00007ffc1458d000 	C:\WINDOWS\SYSTEM32\dhcpcsvc.DLL
0x00007ffc19f80000 - 0x00007ffc1a04a000 	C:\WINDOWS\SYSTEM32\DNSAPI.dll
0x00007ffc02b20000 - 0x00007ffc02b33000 	C:\Program Files\Eclipse Adoptium\jdk-8.0.362.9-hotspot\jre\bin\nio.dll
0x0000000180000000 - 0x0000000180053000 	C:\Users\usuario\AppData\Local\Temp\libgdxusuario\dc0f0009\lwjgl64.dll
0x00007ffc0a460000 - 0x00007ffc0a585000 	C:\WINDOWS\SYSTEM32\OPENGL32.dll
0x00007ffc13080000 - 0x00007ffc130ac000 	C:\WINDOWS\SYSTEM32\GLU32.dll
0x00000214c4ce0000 - 0x00000214c4d44000 	C:\Users\usuario\AppData\Local\Temp\libgdxusuario\dc0f0009\OpenAL64.dll
0x00007ffc1b620000 - 0x00007ffc1b74a000 	C:\WINDOWS\System32\ole32.dll
0x00007ffc18500000 - 0x00007ffc1859e000 	C:\WINDOWS\system32\uxtheme.dll
0x00007ffc1b4c0000 - 0x00007ffc1b569000 	C:\WINDOWS\System32\clbcatq.dll
0x00007ffc11010000 - 0x00007ffc110ac000 	C:\WINDOWS\SYSTEM32\dsound.dll
0x00007ffc1a990000 - 0x00007ffc1a9db000 	C:\WINDOWS\SYSTEM32\powrprof.dll
0x00007ffc010d0000 - 0x00007ffc010f6000 	C:\WINDOWS\SYSTEM32\winmmbase.dll
0x00007ffc1a970000 - 0x00007ffc1a982000 	C:\WINDOWS\SYSTEM32\UMPDC.dll
0x00007ffc0fa40000 - 0x00007ffc0fac5000 	C:\WINDOWS\System32\MMDevApi.dll
0x00007ffc1a7f0000 - 0x00007ffc1a823000 	C:\WINDOWS\System32\DEVOBJ.dll
0x00007ffc1ae70000 - 0x00007ffc1aebe000 	C:\WINDOWS\System32\cfgmgr32.dll
0x00007ffbed4d0000 - 0x00007ffbed652000 	C:\WINDOWS\SYSTEM32\AUDIOSES.DLL
0x00007ffc1d2a0000 - 0x00007ffc1d36d000 	C:\WINDOWS\System32\OLEAUT32.dll
0x00007ffc149b0000 - 0x00007ffc14b94000 	C:\WINDOWS\SYSTEM32\dbghelp.dll

VM Arguments:
jvm_args: -Duser.language=es_MX -Dfile.encoding=UTF-8 
java_command: org.uqbar.project.wollok.launch.WollokLauncher -requestsPort 0 -eventsPort 0 -folder -dontValidate -wf src/Una_Cosa_Maravillosa.wpgm
java_class_path (initial): C:\Users\usuario\Desktop\Wollok\workspace\Testeo_De_Juego\bin;C:\Users\usuario\Desktop\Wollok\plugins\com.ibm.icu_64.2.0.v20190507-1337.jar;C:\Users\usuario\Desktop\Wollok\plugins\org.eclipse.xtext_2.20.0.v20191202-0915.jar;C:\Users\usuario\Desktop\Wollok\plugins\org.eclipse.emf.ecore.xmi_2.16.0.v20190528-0725.jar;C:\Users\usuario\Desktop\Wollok\plugins\org.eclipse.emf.ecore_2.20.0.v20190920-0401.jar;C:\Users\usuario\Desktop\Wollok\plugins\org.eclipse.emf.common_2.17.0.v20190920-0401.jar;C:\Users\usuario\Desktop\Wollok\plugins\org.antlr.runtime_3.2.0.v201101311130.jar;C:\Users\usuario\Desktop\Wollok\plugins\com.google.inject_3.0.0.v201605172100.jar;C:\Users\usuario\Desktop\Wollok\plugins\org.eclipse.emf.mwe.core_1.5.1.v20191121-1148.jar;C:\Users\usuario\Desktop\Wollok\plugins\org.apache.commons.cli_1.2.0.v201404270220.jar;C:\Users\usuario\Desktop\Wollok\plugins\org.eclipse.emf.mwe2.runtime_2.11.1.v20191121-1148.jar;C:\Users\usuario\Desktop\Wollok\plugins\org.eclipse.emf.mwe.utils_1.5.1.v20191121-1148.jar;C:\Users\usuario\Desktop\Wollok\plugins\org.eclipse.xtext.util_2.20.0.v20191202-0915.jar;C:\Users\usuario\Desktop\Wollok\plugins\com.google.guava_27.1.0.v20190517-1946.jar;C:\Users\usuario\Desktop\Wollok\plugins\javax.inject_1.0.0.v20091030.jar;C:\Users\usuario\Desktop\Wollok\plugins\org.eclipse.xtext.generator_2.20.0.v20191202-0933.jar;C:\Users\usuario\Desktop\Wollok\plugins\org.eclipse.xtext.xtext.generator_2.20.0.v20191202-0915.jar;C:\Users\usuario\Desktop\Wollok\plugins\org.eclipse.xtext.xbase.lib_2.20.0.v20191202-0907.jar;C:\Users\usuario\Desktop\Wollok\plugins\org.eclipse.emf.codegen.ecore_2.20.0.v20191012-0918.jar;C:\Users\usuario\Desktop\Wollok\plugins\org.eclipse.emf.codegen_2.19.0.v20190821-1536.jar;C:\Users\usuario\Desktop\Wollok\plugins\org.eclipse.xtend_2.2.0.v201605260315.jar;C:\Users\usuario\Desktop\Wollok\plugins\org.eclipse.xpand_2.2.0.v201605260315.jar;C:\Users\usuario\Desktop\Wollok\plugins\org.eclipse.xtend.typesystem
Launcher Type: SUN_STANDARD

Environment Variables:
PATH=C:/Program Files/Eclipse Adoptium/jdk-8.0.362.9-hotspot/bin/../jre/bin/server;C:/Program Files/Eclipse Adoptium/jdk-8.0.362.9-hotspot/bin/../jre/bin;C:/Program Files/Eclipse Adoptium/jdk-8.0.362.9-hotspot/bin/../jre/lib/amd64;C:\Program Files (x86)\NVIDIA Corporation\PhysX\Common;C:\Program Files\Eclipse Adoptium\jdk-8.0.362.9-hotspot\bin;C:\Program Files\Common Files\Oracle\Java\javapath;C:\Program Files (x86)\Common Files\Oracle\Java\javapath;C:\WINDOWS\system32;C:\WINDOWS;C:\WINDOWS\System32\Wbem;C:\WINDOWS\System32\WindowsPowerShell\v1.0\;C:\WINDOWS\System32\OpenSSH\;C:\Program Files (x86)\Intel\Intel(R) Management Engine Components\DAL;C:\Program Files\Intel\Intel(R) Management Engine Components\DAL;C:\Program Files (x86)\Windows Live\Shared;C:\Users\usuario\AppData\Local\Microsoft\WindowsApps;C:\Users\usuario\AppData\Local\Programs\Microsoft VS Code\bin;C:\Users\usuario\Desktop\Wollok;
USERNAME=usuario
OS=Windows_NT
PROCESSOR_IDENTIFIER=AMD64 Family 23 Model 24 Stepping 1, AuthenticAMD



---------------  S Y S T E M  ---------------

OS: Windows 10 , 64 bit Build 19041 (10.0.19041.3155)

CPU:total 8 (initial active 8) (8 cores per cpu, 1 threads per core) family 23 model 24 stepping 1, cmov, cx8, fxsr, mmx, sse, sse2, sse3, ssse3, sse4.1, sse4.2, popcnt, avx, avx2, aes, clmul, mmxext, 3dnowpref, lzcnt, sse4a, tsc, tscinvbit, tscinv, bmi1

Memory: 4k page, physical 16709732k(7986572k free), swap 23575652k(5438348k free)

vm_info: OpenJDK 64-Bit Server VM (25.362-b09) for windows-amd64 JRE (1.8.0_362-b09), built on Jan 18 2023 17:11:58 by "jenkins" with MS VC++ 15.9 (VS2017)

time: Wed Aug 16 21:19:48 2023
timezone: Hora estándar de Argentina
elapsed time: 2.654458 seconds (0d 0h 0m 2s)

